2021-09-08 12:54:14 INFO - Execution Started
2021-09-08 12:54:14 INFO - Trying to read Input File
2021-09-08 12:54:14 INFO - spliting words
2021-09-08 12:54:14 INFO - Split complete
2021-09-08 12:54:14 INFO - Searching for prefix 'to'
2021-09-08 12:54:14 INFO - Searching for ending 'ing'
2021-09-08 12:54:14 INFO - Searching for max repeated element
2021-09-08 12:54:14 INFO - Searching for palindromes
2021-09-08 12:54:14 INFO - Returning Unique Elements
2021-09-08 12:54:14 INFO - Enumeration in dictWithKeys
2021-09-08 12:54:14 INFO - Spliting at Vovels
2021-09-08 12:54:14 INFO - Captilizing Third Letter
2021-09-08 12:54:14 INFO - Captilizing Fifth Word
2021-09-08 12:54:14 INFO - Replacing NewLine Character
2021-09-08 12:54:14 INFO - Removing white spaces
2021-09-08 12:54:14 INFO - Creating unique file name
2021-09-08 12:54:14 INFO - Calling write_data method
2021-09-08 12:54:14 INFO - Opening file to write
2021-09-08 12:54:14 INFO - Writting data to File
2021-09-08 12:54:14 INFO - Execution Completed
2021-09-08 16:06:33 INFO - Execution Started
2021-09-08 16:06:33 INFO - Trying to read Input File
2021-09-08 16:06:33 INFO - spliting words
2021-09-08 16:06:33 INFO - Split complete
2021-09-08 16:06:33 INFO - Searching for prefix 'to'
2021-09-08 16:06:33 INFO - Searching for ending 'ing'
2021-09-08 16:06:33 INFO - Searching for max repeated element
2021-09-08 16:06:33 INFO - Searching for palindromes
2021-09-08 16:06:33 INFO - Returning Unique Elements
2021-09-08 16:06:33 INFO - Enumeration in dictWithKeys
2021-09-08 16:06:33 INFO - Spliting at Vovels
2021-09-08 16:06:33 INFO - Captilizing Third Letter
2021-09-08 16:06:33 INFO - Captilizing Fifth Word
2021-09-08 16:06:33 INFO - Replacing NewLine Character
2021-09-08 16:06:33 INFO - Removing white spaces
2021-09-08 16:06:33 INFO - Creating unique file name
2021-09-08 16:06:33 INFO - Calling write_data method
2021-09-08 16:06:33 INFO - Opening file to write
2021-09-08 16:06:33 INFO - Writting data to File
2021-09-08 16:06:33 INFO - Execution Completed
2021-09-08 16:55:50 INFO - Execution Started
2021-09-08 16:55:50 INFO - Trying to read Input File
2021-09-08 16:55:50 INFO - spliting words
2021-09-08 16:55:50 INFO - Split complete
2021-09-08 16:55:50 INFO - Searching for prefix 'to'
2021-09-08 16:55:50 INFO - Searching for ending 'ing'
2021-09-08 16:55:50 INFO - Searching for max repeated element
2021-09-08 16:55:50 INFO - Searching for palindromes
2021-09-08 16:55:50 INFO - Returning Unique Elements
2021-09-08 16:55:50 INFO - Enumeration in dictWithKeys
2021-09-08 16:55:50 INFO - Spliting at Vovels
2021-09-08 16:55:50 INFO - Captilizing Third Letter
2021-09-08 16:55:50 INFO - Captilizing Fifth Word
2021-09-08 16:55:50 INFO - Replacing NewLine Character
2021-09-08 16:55:50 INFO - Removing white spaces
2021-09-08 16:55:50 INFO - Creating unique file name
2021-09-08 16:55:50 INFO - Calling write_data method
2021-09-08 16:55:50 INFO - Opening file to write
2021-09-08 16:55:50 INFO - Writting data to File
2021-09-08 16:55:50 INFO - Execution Completed
2021-09-08 16:55:59 INFO - Execution Started
2021-09-08 16:55:59 INFO - Trying to read Input File
2021-09-08 16:55:59 INFO - spliting words
2021-09-08 16:56:52 INFO - Execution Started
2021-09-08 16:56:52 INFO - Trying to read Input File
2021-09-08 16:56:52 INFO - spliting words
2021-09-08 16:56:52 INFO - Split complete
2021-09-08 16:56:52 INFO - Searching for prefix 'to'
2021-09-08 16:56:52 INFO - Searching for ending 'ing'
2021-09-08 16:56:52 INFO - Searching for max repeated element
2021-09-08 16:56:52 INFO - Searching for palindromes
2021-09-08 16:56:52 INFO - Returning Unique Elements
2021-09-08 16:56:52 INFO - Enumeration in dictWithKeys
2021-09-08 16:56:52 INFO - Spliting at Vovels
2021-09-08 16:56:52 INFO - Captilizing Third Letter
2021-09-08 16:56:52 INFO - Captilizing Fifth Word
2021-09-08 16:56:52 INFO - Replacing NewLine Character
2021-09-08 16:56:52 INFO - Removing white spaces
2021-09-08 16:56:52 INFO - Creating unique file name
2021-09-08 16:56:52 INFO - Calling write_data method
2021-09-08 16:56:52 INFO - Opening file to write
2021-09-08 16:56:52 INFO - Writting data to File
2021-09-08 16:56:52 INFO - Execution Completed
2021-09-09 16:50:24 INFO - Execution Started
2021-09-09 16:50:43 INFO - Execution Started
2021-09-09 16:50:43 INFO - Trying to read Input File
2021-09-09 16:50:43 INFO - spliting words
2021-09-09 16:50:43 INFO - Split complete
2021-09-09 16:50:43 INFO - Searching for prefix 'to'
2021-09-09 16:50:43 INFO - Searching for ending 'ing'
2021-09-09 16:50:43 INFO - Searching for max repeated element
2021-09-09 16:50:43 INFO - Searching for palindromes
2021-09-09 16:50:43 INFO - Returning Unique Elements
2021-09-09 16:50:43 INFO - Enumeration in dictWithKeys
2021-09-09 16:50:43 INFO - Spliting at Vovels
2021-09-09 16:50:43 INFO - Captilizing Third Letter
2021-09-09 16:50:43 INFO - Captilizing Fifth Word
2021-09-09 16:50:43 INFO - Replacing NewLine Character
2021-09-09 16:50:43 INFO - Removing white spaces
2021-09-09 16:50:43 INFO - Creating unique file name
2021-09-09 16:50:43 INFO - Calling write_data method
2021-09-09 16:50:43 INFO - Opening file to write
2021-09-09 16:50:43 INFO - Writting data to File
2021-09-09 16:50:43 INFO - Execution Completed
2021-09-09 16:54:04 INFO - Execution Started
2021-09-09 16:54:04 INFO - Trying to read Input File
2021-09-09 16:54:04 INFO - spliting words
2021-09-09 16:54:04 INFO - Split complete
2021-09-09 16:54:04 INFO - Searching for prefix 'to'
2021-09-09 16:54:04 INFO - Searching for ending 'ing'
2021-09-09 16:54:04 INFO - Searching for max repeated element
2021-09-09 16:54:04 INFO - Searching for palindromes
2021-09-09 16:54:04 INFO - Returning Unique Elements
2021-09-09 16:54:04 INFO - Enumeration in dictWithKeys
2021-09-09 16:54:04 INFO - Spliting at Vovels
2021-09-09 16:54:04 INFO - Captilizing Third Letter
2021-09-09 16:54:04 INFO - Captilizing Fifth Word
2021-09-09 16:54:04 INFO - Replacing NewLine Character
2021-09-09 16:54:04 INFO - Removing white spaces
2021-09-09 16:54:04 INFO - Creating unique file name
2021-09-09 16:54:04 INFO - Calling write_data method
2021-09-09 16:54:04 INFO - Opening file to write
2021-09-09 16:54:04 INFO - Writting data to File
2021-09-09 16:54:04 INFO - Execution Completed
